# JRE version: 7.0_09-b05
# Java VM: Java HotSpot(TM) 64-Bit Server VM (23.5-b02 mixed mode bsd-amd64 compressed oops)
Heap
 PSYoungGen      total 251200K, used 95142K [0x00000007eaab0000, 0x0000000800000000, 0x0000000800000000)
  eden space 157760K, 57% used [0x00000007eaab0000,0x00000007f02aab40,0x00000007f44c0000)
  from space 93440K, 5% used [0x00000007fa4c0000,0x00000007fa9aee18,0x0000000800000000)
  to   space 95872K, 0% used [0x00000007f44c0000,0x00000007f44c0000,0x00000007fa260000)
 ParOldGen       total 699072K, used 65886K [0x00000007c0000000, 0x00000007eaab0000, 0x00000007eaab0000)
  object space 699072K, 9% used [0x00000007c0000000,0x00000007c40579a0,0x00000007eaab0000)
 PSPermGen       total 159808K, used 80520K [0x00000007b0000000, 0x00000007b9c10000, 0x00000007c0000000)
  object space 159808K, 50% used [0x00000007b0000000,0x00000007b4ea2038,0x00000007b9c10000)
GC Heap History (10 events):
Event: 44.819 GC heap before
{Heap before GC invocations=7 (full 0):
 PSYoungGen      total 224832K, used 224809K [0x00000007eaab0000, 0x0000000800000000, 0x0000000800000000)
  eden space 181184K, 100% used [0x00000007eaab0000,0x00000007f5ba0000,0x00000007f5ba0000)
  from space 43648K, 99% used [0x00000007fd560000,0x00000007ffffa790,0x0000000800000000)
  to   space 84160K, 0% used [0x00000007f5ba0000,0x00000007f5ba0000,0x00000007fadd0000)
 ParOldGen       total 699072K, used 98992K [0x00000007c0000000, 0x00000007eaab0000, 0x00000007eaab0000)
  object space 699072K, 14% used [0x00000007c0000000,0x00000007c60ac140,0x00000007eaab0000)
 PSPermGen       total 77440K, used 77428K [0x00000007b0000000, 0x00000007b4ba0000, 0x00000007c0000000)
  object space 77440K, 99% used [0x00000007b0000000,0x00000007b4b9d0f0,0x00000007b4ba0000)
Event: 45.089 GC heap after
Heap after GC invocations=7 (full 0):
 PSYoungGen      total 216128K, used 34937K [0x00000007eaab0000, 0x0000000800000000, 0x0000000800000000)
  eden space 181184K, 0% used [0x00000007eaab0000,0x00000007eaab0000,0x00000007f5ba0000)
  from space 34944K, 99% used [0x00000007f5ba0000,0x00000007f7dbe560,0x00000007f7dc0000)
  to   space 86080K, 0% used [0x00000007fabf0000,0x00000007fabf0000,0x0000000800000000)
 ParOldGen       total 699072K, used 118988K [0x00000007c0000000, 0x00000007eaab0000, 0x00000007eaab0000)
  object space 699072K, 17% used [0x00000007c0000000,0x00000007c7433080,0x00000007eaab0000)
 PSPermGen       total 77440K, used 77428K [0x00000007b0000000, 0x00000007b4ba0000, 0x00000007c0000000)
  object space 77440K, 99% used [0x00000007b0000000,0x00000007b4b9d0f0,0x00000007b4ba0000)
}
Event: 46.599 GC heap before
{Heap before GC invocations=8 (full 0):
 PSYoungGen      total 216128K, used 130274K [0x00000007eaab0000, 0x0000000800000000, 0x0000000800000000)
  eden space 181184K, 52% used [0x00000007eaab0000,0x00000007f07ca3d0,0x00000007f5ba0000)
  from space 34944K, 99% used [0x00000007f5ba0000,0x00000007f7dbe560,0x00000007f7dc0000)
  to   space 86080K, 0% used [0x00000007fabf0000,0x00000007fabf0000,0x0000000800000000)
 ParOldGen       total 699072K, used 118988K [0x00000007c0000000, 0x00000007eaab0000, 0x00000007eaab0000)
  object space 699072K, 17% used [0x00000007c0000000,0x00000007c7433080,0x00000007eaab0000)
 PSPermGen       total 79936K, used 79908K [0x00000007b0000000, 0x00000007b4e10000, 0x00000007c0000000)
  object space 79936K, 99% used [0x00000007b0000000,0x00000007b4e093d8,0x00000007b4e10000)
Event: 46.790 GC heap after
Heap after GC invocations=8 (full 0):
 PSYoungGen      total 254080K, used 14027K [0x00000007eaab0000, 0x0000000800000000, 0x0000000800000000)
  eden space 168000K, 0% used [0x00000007eaab0000,0x00000007eaab0000,0x00000007f4ec0000)
  from space 86080K, 16% used [0x00000007fabf0000,0x00000007fb9a2de0,0x0000000800000000)
  to   space 90752K, 0% used [0x00000007f4ec0000,0x00000007f4ec0000,0x00000007fa760000)
 ParOldGen       total 699072K, used 139110K [0x00000007c0000000, 0x00000007eaab0000, 0x00000007eaab0000)
  object space 699072K, 19% used [0x00000007c0000000,0x00000007c87d9b00,0x00000007eaab0000)
 PSPermGen       total 79936K, used 79908K [0x00000007b0000000, 0x00000007b4e10000, 0x00000007c0000000)
  object space 79936K, 99% used [0x00000007b0000000,0x00000007b4e093d8,0x00000007b4e10000)
}
Event: 46.790 GC heap before
{Heap before GC invocations=9 (full 1):
 PSYoungGen      total 254080K, used 14027K [0x00000007eaab0000, 0x0000000800000000, 0x0000000800000000)
  eden space 168000K, 0% used [0x00000007eaab0000,0x00000007eaab0000,0x00000007f4ec0000)
  from space 86080K, 16% used [0x00000007fabf0000,0x00000007fb9a2de0,0x0000000800000000)
  to   space 90752K, 0% used [0x00000007f4ec0000,0x00000007f4ec0000,0x00000007fa760000)
 ParOldGen       total 699072K, used 139110K [0x00000007c0000000, 0x00000007eaab0000, 0x00000007eaab0000)
  object space 699072K, 19% used [0x00000007c0000000,0x00000007c87d9b00,0x00000007eaab0000)
 PSPermGen       total 79936K, used 79908K [0x00000007b0000000, 0x00000007b4e10000, 0x00000007c0000000)
  object space 79936K, 99% used [0x00000007b0000000,0x00000007b4e093d8,0x00000007b4e10000)
Event: 47.781 GC heap after
Heap after GC invocations=9 (full 1):
 PSYoungGen      total 254080K, used 0K [0x00000007eaab0000, 0x0000000800000000, 0x0000000800000000)
  eden space 168000K, 0% used [0x00000007eaab0000,0x00000007eaab0000,0x00000007f4ec0000)
  from space 86080K, 0% used [0x00000007fabf0000,0x00000007fabf0000,0x0000000800000000)
  to   space 90752K, 0% used [0x00000007f4ec0000,0x00000007f4ec0000,0x00000007fa760000)
 ParOldGen       total 699072K, used 65886K [0x00000007c0000000, 0x00000007eaab0000, 0x00000007eaab0000)
  object space 699072K, 9% used [0x00000007c0000000,0x00000007c40579a0,0x00000007eaab0000)
 PSPermGen       total 159808K, used 79868K [0x00000007b0000000, 0x00000007b9c10000, 0x00000007c0000000)
  object space 159808K, 49% used [0x00000007b0000000,0x00000007b4dff0e0,0x00000007b9c10000)
}
Event: 50.275 GC heap before
{Heap before GC invocations=10 (full 1):
 PSYoungGen      total 254080K, used 168000K [0x00000007eaab0000, 0x0000000800000000, 0x0000000800000000)
  eden space 168000K, 100% used [0x00000007eaab0000,0x00000007f4ec0000,0x00000007f4ec0000)
  from space 86080K, 0% used [0x00000007fabf0000,0x00000007fabf0000,0x0000000800000000)
  to   space 90752K, 0% used [0x00000007f4ec0000,0x00000007f4ec0000,0x00000007fa760000)
 ParOldGen       total 699072K, used 65886K [0x00000007c0000000, 0x00000007eaab0000, 0x00000007eaab0000)
  object space 699072K, 9% used [0x00000007c0000000,0x00000007c40579a0,0x00000007eaab0000)
 PSPermGen       total 159808K, used 79995K [0x00000007b0000000, 0x00000007b9c10000, 0x00000007c0000000)
  object space 159808K, 50% used [0x00000007b0000000,0x00000007b4e1ee10,0x00000007b9c10000)
Event: 50.310 GC heap after
Heap after GC invocations=10 (full 1):
 PSYoungGen      total 180224K, used 12169K [0x00000007eaab0000, 0x0000000800000000, 0x0000000800000000)
  eden space 168000K, 0% used [0x00000007eaab0000,0x00000007eaab0000,0x00000007f4ec0000)
  from space 12224K, 99% used [0x00000007f4ec0000,0x00000007f5aa26f0,0x00000007f5ab0000)
  to   space 93440K, 0% used [0x00000007fa4c0000,0x00000007fa4c0000,0x0000000800000000)
 ParOldGen       total 699072K, used 65886K [0x00000007c0000000, 0x00000007eaab0000, 0x00000007eaab0000)
  object space 699072K, 9% used [0x00000007c0000000,0x00000007c40579a0,0x00000007eaab0000)
 PSPermGen       total 159808K, used 79995K [0x00000007b0000000, 0x00000007b9c10000, 0x00000007c0000000)
  object space 159808K, 50% used [0x00000007b0000000,0x00000007b4e1ee10,0x00000007b9c10000)
}
Event: 52.864 GC heap before
{Heap before GC invocations=11 (full 1):
 PSYoungGen      total 180224K, used 180169K [0x00000007eaab0000, 0x0000000800000000, 0x0000000800000000)
  eden space 168000K, 100% used [0x00000007eaab0000,0x00000007f4ec0000,0x00000007f4ec0000)
  from space 12224K, 99% used [0x00000007f4ec0000,0x00000007f5aa26f0,0x00000007f5ab0000)
  to   space 93440K, 0% used [0x00000007fa4c0000,0x00000007fa4c0000,0x0000000800000000)
 ParOldGen       total 699072K, used 65886K [0x00000007c0000000, 0x00000007eaab0000, 0x00000007eaab0000)
  object space 699072K, 9% used [0x00000007c0000000,0x00000007c40579a0,0x00000007eaab0000)
 PSPermGen       total 159808K, used 80308K [0x00000007b0000000, 0x00000007b9c10000, 0x00000007c0000000)
  object space 159808K, 50% used [0x00000007b0000000,0x00000007b4e6d350,0x00000007b9c10000)
Event: 52.881 GC heap after
Heap after GC invocations=11 (full 1):
 PSYoungGen      total 251200K, used 5051K [0x00000007eaab0000, 0x0000000800000000, 0x0000000800000000)
  eden space 157760K, 0% used [0x00000007eaab0000,0x00000007eaab0000,0x00000007f44c0000)
  from space 93440K, 5% used [0x00000007fa4c0000,0x00000007fa9aee18,0x0000000800000000)
  to   space 95872K, 0% used [0x00000007f44c0000,0x00000007f44c0000,0x00000007fa260000)
 ParOldGen       total 699072K, used 65886K [0x00000007c0000000, 0x00000007eaab0000, 0x00000007eaab0000)
  object space 699072K, 9% used [0x00000007c0000000,0x00000007c40579a0,0x00000007eaab0000)
 PSPermGen       total 159808K, used 80308K [0x00000007b0000000, 0x00000007b9c10000, 0x00000007c0000000)
  object space 159808K, 50% used [0x00000007b0000000,0x00000007b4e6d350,0x00000007b9c10000)
}

