# JRE version: Java(TM) SE Runtime Environment (8.0_60-b27) (build 1.8.0_60-b27)
# Java VM: Java HotSpot(TM) 64-Bit Server VM (25.60-b23 mixed mode bsd-amd64 compressed oops)
Heap:
 PSYoungGen      total 1260032K, used 368817K [0x000000076ab00000, 0x00000007c0000000, 0x00000007c0000000)
  eden space 1116160K, 33% used [0x000000076ab00000,0x000000078132c6d8,0x00000007aed00000)
  from space 143872K, 0% used [0x00000007b7380000,0x00000007b7380000,0x00000007c0000000)
  to   space 137728K, 0% used [0x00000007aed00000,0x00000007aed00000,0x00000007b7380000)
 ParOldGen       total 610816K, used 124963K [0x00000006c0000000, 0x00000006e5480000, 0x000000076ab00000)
  object space 610816K, 20% used [0x00000006c0000000,0x00000006c7a08d18,0x00000006e5480000)
 Metaspace       used 136851K, capacity 153350K, committed 153472K, reserved 1181696K
  class space    used 16798K, capacity 21534K, committed 21632K, reserved 1048576K
GC Heap History (10 events):
Event: 51.255 GC heap before
{Heap before GC invocations=24 (full 5):
 PSYoungGen      total 1236480K, used 1095680K [0x000000076ab00000, 0x00000007bf900000, 0x00000007c0000000)
  eden space 1095680K, 100% used [0x000000076ab00000,0x00000007ad900000,0x00000007ad900000)
  from space 140800K, 0% used [0x00000007b6f80000,0x00000007b6f80000,0x00000007bf900000)
  to   space 147456K, 0% used [0x00000007ad900000,0x00000007ad900000,0x00000007b6900000)
 ParOldGen       total 610816K, used 144121K [0x00000006c0000000, 0x00000006e5480000, 0x000000076ab00000)
  object space 610816K, 23% used [0x00000006c0000000,0x00000006c8cbe4a0,0x00000006e5480000)
 Metaspace       used 99560K, capacity 113442K, committed 113664K, reserved 1146880K
  class space    used 12310K, capacity 16033K, committed 16128K, reserved 1048576K
Event: 51.274 GC heap after
Heap after GC invocations=24 (full 5):
 PSYoungGen      total 1243136K, used 28159K [0x000000076ab00000, 0x00000007bfc80000, 0x00000007c0000000)
  eden space 1095680K, 0% used [0x000000076ab00000,0x000000076ab00000,0x00000007ad900000)
  from space 147456K, 19% used [0x00000007ad900000,0x00000007af47fc90,0x00000007b6900000)
  to   space 142336K, 0% used [0x00000007b7180000,0x00000007b7180000,0x00000007bfc80000)
 ParOldGen       total 610816K, used 144129K [0x00000006c0000000, 0x00000006e5480000, 0x000000076ab00000)
  object space 610816K, 23% used [0x00000006c0000000,0x00000006c8cc04a0,0x00000006e5480000)
 Metaspace       used 99560K, capacity 113442K, committed 113664K, reserved 1146880K
  class space    used 12310K, capacity 16033K, committed 16128K, reserved 1048576K
}
Event: 53.426 GC heap before
{Heap before GC invocations=25 (full 5):
 PSYoungGen      total 1243136K, used 1123839K [0x000000076ab00000, 0x00000007bfc80000, 0x00000007c0000000)
  eden space 1095680K, 100% used [0x000000076ab00000,0x00000007ad900000,0x00000007ad900000)
  from space 147456K, 19% used [0x00000007ad900000,0x00000007af47fc90,0x00000007b6900000)
  to   space 142336K, 0% used [0x00000007b7180000,0x00000007b7180000,0x00000007bfc80000)
 ParOldGen       total 610816K, used 144129K [0x00000006c0000000, 0x00000006e5480000, 0x000000076ab00000)
  object space 610816K, 23% used [0x00000006c0000000,0x00000006c8cc04a0,0x00000006e5480000)
 Metaspace       used 118582K, capacity 133836K, committed 134016K, reserved 1165312K
  class space    used 14714K, capacity 18997K, committed 19072K, reserved 1048576K
Event: 53.447 GC heap after
Heap after GC invocations=25 (full 5):
 PSYoungGen      total 1232384K, used 44256K [0x000000076ab00000, 0x00000007beb00000, 0x00000007c0000000)
  eden space 1107968K, 0% used [0x000000076ab00000,0x000000076ab00000,0x00000007ae500000)
  from space 124416K, 35% used [0x00000007b7180000,0x00000007b9cb8338,0x00000007beb00000)
  to   space 134144K, 0% used [0x00000007ae500000,0x00000007ae500000,0x00000007b6800000)
 ParOldGen       total 610816K, used 144137K [0x00000006c0000000, 0x00000006e5480000, 0x000000076ab00000)
  object space 610816K, 23% used [0x00000006c0000000,0x00000006c8cc24a0,0x00000006e5480000)
 Metaspace       used 118582K, capacity 133836K, committed 134016K, reserved 1165312K
  class space    used 14714K, capacity 18997K, committed 19072K, reserved 1048576K
}
Event: 55.410 GC heap before
{Heap before GC invocations=26 (full 5):
 PSYoungGen      total 1232384K, used 1152224K [0x000000076ab00000, 0x00000007beb00000, 0x00000007c0000000)
  eden space 1107968K, 100% used [0x000000076ab00000,0x00000007ae500000,0x00000007ae500000)
  from space 124416K, 35% used [0x00000007b7180000,0x00000007b9cb8338,0x00000007beb00000)
  to   space 134144K, 0% used [0x00000007ae500000,0x00000007ae500000,0x00000007b6800000)
 ParOldGen       total 610816K, used 144137K [0x00000006c0000000, 0x00000006e5480000, 0x000000076ab00000)
  object space 610816K, 23% used [0x00000006c0000000,0x00000006c8cc24a0,0x00000006e5480000)
 Metaspace       used 128394K, capacity 144276K, committed 144512K, reserved 1173504K
  class space    used 15819K, capacity 20315K, committed 20352K, reserved 1048576K
Event: 55.488 GC heap after
Heap after GC invocations=26 (full 5):
 PSYoungGen      total 1242112K, used 99377K [0x000000076ab00000, 0x00000007c0000000, 0x00000007c0000000)
  eden space 1107968K, 0% used [0x000000076ab00000,0x000000076ab00000,0x00000007ae500000)
  from space 134144K, 74% used [0x00000007ae500000,0x00000007b460c508,0x00000007b6800000)
  to   space 143872K, 0% used [0x00000007b7380000,0x00000007b7380000,0x00000007c0000000)
 ParOldGen       total 610816K, used 144145K [0x00000006c0000000, 0x00000006e5480000, 0x000000076ab00000)
  object space 610816K, 23% used [0x00000006c0000000,0x00000006c8cc44a0,0x00000006e5480000)
 Metaspace       used 128394K, capacity 144276K, committed 144512K, reserved 1173504K
  class space    used 15819K, capacity 20315K, committed 20352K, reserved 1048576K
}
Event: 57.396 GC heap before
{Heap before GC invocations=27 (full 5):
 PSYoungGen      total 1242112K, used 679845K [0x000000076ab00000, 0x00000007c0000000, 0x00000007c0000000)
  eden space 1107968K, 52% used [0x000000076ab00000,0x000000078e1dd0e8,0x00000007ae500000)
  from space 134144K, 74% used [0x00000007ae500000,0x00000007b460c508,0x00000007b6800000)
  to   space 143872K, 0% used [0x00000007b7380000,0x00000007b7380000,0x00000007c0000000)
 ParOldGen       total 610816K, used 144145K [0x00000006c0000000, 0x00000006e5480000, 0x000000076ab00000)
  object space 610816K, 23% used [0x00000006c0000000,0x00000006c8cc44a0,0x00000006e5480000)
 Metaspace       used 131436K, capacity 148018K, committed 148096K, reserved 1177600K
  class space    used 16165K, capacity 20788K, committed 20864K, reserved 1048576K
Event: 57.414 GC heap after
Heap after GC invocations=27 (full 5):
 PSYoungGen      total 1260032K, used 39944K [0x000000076ab00000, 0x00000007c0000000, 0x00000007c0000000)
  eden space 1116160K, 0% used [0x000000076ab00000,0x000000076ab00000,0x00000007aed00000)
  from space 143872K, 27% used [0x00000007b7380000,0x00000007b9a82180,0x00000007c0000000)
  to   space 137728K, 0% used [0x00000007aed00000,0x00000007aed00000,0x00000007b7380000)
 ParOldGen       total 610816K, used 144153K [0x00000006c0000000, 0x00000006e5480000, 0x000000076ab00000)
  object space 610816K, 23% used [0x00000006c0000000,0x00000006c8cc64a0,0x00000006e5480000)
 Metaspace       used 131436K, capacity 148018K, committed 148096K, reserved 1177600K
  class space    used 16165K, capacity 20788K, committed 20864K, reserved 1048576K
}
Event: 57.414 GC heap before
{Heap before GC invocations=28 (full 6):
 PSYoungGen      total 1260032K, used 39944K [0x000000076ab00000, 0x00000007c0000000, 0x00000007c0000000)
  eden space 1116160K, 0% used [0x000000076ab00000,0x000000076ab00000,0x00000007aed00000)
  from space 143872K, 27% used [0x00000007b7380000,0x00000007b9a82180,0x00000007c0000000)
  to   space 137728K, 0% used [0x00000007aed00000,0x00000007aed00000,0x00000007b7380000)
 ParOldGen       total 610816K, used 144153K [0x00000006c0000000, 0x00000006e5480000, 0x000000076ab00000)
  object space 610816K, 23% used [0x00000006c0000000,0x00000006c8cc64a0,0x00000006e5480000)
 Metaspace       used 131436K, capacity 148018K, committed 148096K, reserved 1177600K
  class space    used 16165K, capacity 20788K, committed 20864K, reserved 1048576K
Event: 57.888 GC heap after
Heap after GC invocations=28 (full 6):
 PSYoungGen      total 1260032K, used 0K [0x000000076ab00000, 0x00000007c0000000, 0x00000007c0000000)
  eden space 1116160K, 0% used [0x000000076ab00000,0x000000076ab00000,0x00000007aed00000)
  from space 143872K, 0% used [0x00000007b7380000,0x00000007b7380000,0x00000007c0000000)
  to   space 137728K, 0% used [0x00000007aed00000,0x00000007aed00000,0x00000007b7380000)
 ParOldGen       total 610816K, used 124963K [0x00000006c0000000, 0x00000006e5480000, 0x000000076ab00000)
  object space 610816K, 20% used [0x00000006c0000000,0x00000006c7a08d18,0x00000006e5480000)
 Metaspace       used 130426K, capacity 146828K, committed 148096K, reserved 1177600K
  class space    used 16004K, capacity 20561K, committed 20864K, reserved 1048576K
}

